<?xml version="1.0" encoding="UTF-8"?>
<testng-results ignored="0" total="1" passed="1" failed="0" skipped="0">
  <reporter-output>
  </reporter-output>
  <suite started-at="2025-04-18T20:31:25 IST" name="Default suite" finished-at="2025-04-18T20:31:31 IST" duration-ms="5594">
    <groups>
    </groups>
    <test started-at="2025-04-18T20:31:25 IST" name="Default test" finished-at="2025-04-18T20:31:31 IST" duration-ms="5594">
      <class name="Api.Oathtokengeneration">
        <test-method signature="tokengen()[pri:0, instance:Api.Oathtokengeneration@223191a6]" started-at="2025-04-18T20:31:25 IST" name="tokengen" finished-at="2025-04-18T20:31:31 IST" duration-ms="5444" status="PASS">
          <reporter-output>
          </reporter-output>
        </test-method> <!-- tokengen -->
      </class> <!-- Api.Oathtokengeneration -->
    </test> <!-- Default test -->
  </suite> <!-- Default suite -->
</testng-results>
